<?xml version="1.0" encoding="UTF-8"?>
<testng-results ignored="1" total="1" passed="0" failed="0" skipped="0">
  <reporter-output>
  </reporter-output>
  <suite started-at="2023-03-07T23:47:52 IST" name="Default suite" finished-at="2023-03-07T23:47:57 IST" duration-ms="5189">
    <groups>
    </groups>
    <test started-at="2023-03-07T23:47:52 IST" name="Default test" finished-at="2023-03-07T23:47:57 IST" duration-ms="5189">
      <class name="Automation.demo">
        <test-method is-config="true" signature="beforeRun()[pri:0, instance:Automation.demo@130c12b7]" started-at="2023-03-07T23:47:52 IST" name="beforeRun" finished-at="2023-03-07T23:47:57 IST" duration-ms="5100" status="PASS">
          <reporter-output>
          </reporter-output>
        </test-method> <!-- beforeRun -->
      </class> <!-- Automation.demo -->
    </test> <!-- Default test -->
  </suite> <!-- Default suite -->
</testng-results>
